<?xml version="1.0" encoding="UTF-8"?>
<!-- Generated by org.testng.reporters.JUnitReportReporter -->
<testsuite hostname="DESKTOP-30KRDBB" failures="0" tests="2" name="Zadoon.Project.freemachine" time="45.281" errors="0" timestamp="2025-04-09T17:25:52 IST" skipped="0">
  <testcase classname="Zadoon.Project.freemachine" name="setUp" time="8.219"/>
  <testcase classname="Zadoon.Project.freemachine" name="login" time="37.062"/>
</testsuite> <!-- Zadoon.Project.freemachine -->
