<?xml version="1.0" encoding="UTF-8"?>
<!-- Generated by org.testng.reporters.JUnitReportReporter -->
<testsuite hostname="DESKTOP-30KRDBB" failures="0" tests="2" name="Zadoon.Project.Web_Form" time="6.613" errors="0" timestamp="2025-04-23T18:51:55 IST" skipped="0">
  <testcase classname="Zadoon.Project.Web_Form" name="demoWebForm" time="6.307"/>
  <testcase classname="Zadoon.Project.Web_Form" name="shadow_root1" time="0.306"/>
</testsuite> <!-- Zadoon.Project.Web_Form -->
