<?xml version="1.0" encoding="UTF-8"?>
<!-- Generated by org.testng.reporters.JUnitReportReporter -->
<testsuite hostname="DESKTOP-30KRDBB" failures="0" tests="1" name="Zadoon.Project.Browser_Open" time="3.351" errors="0" timestamp="2025-04-09T00:07:09 IST" skipped="0">
  <testcase classname="Zadoon.Project.Browser_Open" name="setUp" time="3.351"/>
</testsuite> <!-- Zadoon.Project.Browser_Open -->
